<?xml version="1.0" encoding="UTF-8"?>
<testng-results skipped="0" failed="0" ignored="0" total="2" passed="2">
  <reporter-output>
  </reporter-output>
  <suite name="InetBankingV1" duration-ms="32396" started-at="2020-10-26T14:38:59 IST" finished-at="2020-10-26T14:39:32 IST">
    <groups>
    </groups>
    <test name="BankingApp Test" duration-ms="32396" started-at="2020-10-26T14:38:59 IST" finished-at="2020-10-26T14:39:32 IST">
      <class name="testCases.TC_AddCustomerTest_003">
        <test-method status="PASS" signature="setup(java.lang.String)[pri:0, instance:testCases.TC_AddCustomerTest_003@1d29cf23]" name="setup" is-config="true" duration-ms="6310" started-at="2020-10-26T14:39:10 IST" finished-at="2020-10-26T14:39:16 IST">
          <params>
            <param index="0">
              <value>
                <![CDATA[chrome]]>
              </value>
            </param>
          </params>
          <reporter-output>
          </reporter-output>
        </test-method> <!-- setup -->
        <test-method status="PASS" signature="addNewCustomer()[pri:0, instance:testCases.TC_AddCustomerTest_003@1d29cf23]" name="addNewCustomer" duration-ms="15029" started-at="2020-10-26T14:39:16 IST" finished-at="2020-10-26T14:39:31 IST">
          <reporter-output>
          </reporter-output>
        </test-method> <!-- addNewCustomer -->
        <test-method status="PASS" signature="tearDown()[pri:0, instance:testCases.TC_AddCustomerTest_003@1d29cf23]" name="tearDown" is-config="true" duration-ms="677" started-at="2020-10-26T14:39:31 IST" finished-at="2020-10-26T14:39:32 IST">
          <reporter-output>
          </reporter-output>
        </test-method> <!-- tearDown -->
      </class> <!-- testCases.TC_AddCustomerTest_003 -->
      <class name="testCases.TC_LoginTest_001">
        <test-method status="PASS" signature="setup(java.lang.String)[pri:0, instance:testCases.TC_LoginTest_001@27a5f880]" name="setup" is-config="true" duration-ms="7556" started-at="2020-10-26T14:39:00 IST" finished-at="2020-10-26T14:39:07 IST">
          <params>
            <param index="0">
              <value>
                <![CDATA[chrome]]>
              </value>
            </param>
          </params>
          <reporter-output>
          </reporter-output>
        </test-method> <!-- setup -->
        <test-method status="PASS" signature="loginTest()[pri:0, instance:testCases.TC_LoginTest_001@27a5f880]" name="loginTest" duration-ms="1664" started-at="2020-10-26T14:39:07 IST" finished-at="2020-10-26T14:39:09 IST">
          <reporter-output>
          </reporter-output>
        </test-method> <!-- loginTest -->
        <test-method status="PASS" signature="tearDown()[pri:0, instance:testCases.TC_LoginTest_001@27a5f880]" name="tearDown" is-config="true" duration-ms="683" started-at="2020-10-26T14:39:09 IST" finished-at="2020-10-26T14:39:10 IST">
          <reporter-output>
          </reporter-output>
        </test-method> <!-- tearDown -->
      </class> <!-- testCases.TC_LoginTest_001 -->
    </test> <!-- BankingApp Test -->
  </suite> <!-- InetBankingV1 -->
</testng-results>
